bpipe.Runner	INFO	|4:29:16 Starting 
bpipe.Runner	INFO	|4:29:16 OS: Linux (3.5.0-43-generic) Java: 1.7.0_25 Vendor: Oracle Corporation 
bpipe.Config	INFO	|4:29:16 No local configuration file found 
bpipe.ToolDatabase	INFO	|4:29:16 Loading tool database from user configuration 
bpipe.Tool	INFO	|4:29:17 Configured meta data about tool samtools 
bpipe.Tool	INFO	|4:29:17 Configured meta data about tool bwa 
bpipe.Tool	INFO	|4:29:17 Configured meta data about tool bowtie 
bpipe.Tool	INFO	|4:29:17 Configured meta data about tool fastqc 
bpipe.Tool	INFO	|4:29:17 Configured meta data about tool coverageBed 
bpipe.Tool	INFO	|4:29:17 Configured meta data about tool fastx_clipper 
bpipe.Tool	INFO	|4:29:17 Configured meta data about tool convert2annovar.pl 
bpipe.Tool	INFO	|4:29:17 Configured meta data about tool summarize_annovar.pl 
bpipe.Tool	INFO	|4:29:17 Configured meta data about tool bowtie2 
bpipe.Tool	INFO	|4:29:17 Configured meta data about tool GenomeAnalysisTK 
bpipe.Tool	INFO	|4:29:17 Configured meta data about tool MarkDuplicates 
bpipe.Tool	INFO	|4:29:17 Configured meta data about tool signalp 
bpipe.Tool	INFO	|4:29:17 Configured meta data about tool ls 
bpipe.Runner	INFO	|4:29:17 No CLI parameters specified 
bpipe.Pipeline	INFO	|4:29:17 Running with input null 
bpipe.PipelineCategory	INFO	|4:29:17 Found closure variable hello 
bpipe.PipelineCategory	INFO	|4:29:17 Found closure variable world 
bpipe.Pipeline	WARNING	|4:29:17 Pipeline folder /home/pushkar/bpipes could not be found 
bpipe.Pipeline	INFO	|4:29:17 Loaded external reference: args 
bpipe.Pipeline	INFO	|4:29:17 External reference args is overridden by local reference 
bpipe.Pipeline	INFO	|4:29:17 Loaded external reference: hello 
bpipe.Pipeline	INFO	|4:29:17 External reference hello is overridden by local reference 
bpipe.Pipeline	INFO	|4:29:17 Loaded external reference: world 
bpipe.Pipeline	INFO	|4:29:17 External reference world is overridden by local reference 
bpipe.Pipeline	INFO	|4:29:17 Running segment with inputs null 
bpipe.Dependencies	INFO	|4:29:17 Checking null 
bpipe.Dependencies	INFO	|4:29:17 Checking null 
bpipe.PipelineStage	INFO	|4:29:17 Stage hello : INPUT=null OUTPUT=hello 
bpipe.PipelineContext	INFO	|4:29:17 Tracking outputs referenced=[[]] inferred=[[]] for command echo Hello 
bpipe.PipelineContext	INFO	|4:29:17 Checking actual resolved inputs [] 
bpipe.Command	INFO	|4:29:17 Checking for configuration for command echo 
bpipe.Command	INFO	|4:29:17 Default command properties: [executor:local] 
bpipe.CommandManager	INFO	|4:29:17 Using config [executor:local] for command 
bpipe.CommandManager	INFO	|4:29:17 Created bpipe command id 1 
bpipe.Concurrency	INFO	|4:29:17 Creating thread pool with 32 threads to execute parallel pipelines 
bpipe.Concurrency	INFO	|4:29:17 Thread main requesting for 1 concurrency permit(s) type threads with 32 available 
bpipe.Concurrency	INFO	|4:29:17 Thread main acquired resource threads in amount 1 
bpipe.executor.ThrottledDelegatingCommandExecutor	INFO	|4:29:17 Waiting for command to complete before releasing 1 resources 
bpipe.executor.ThrottledDelegatingCommandExecutor	INFO	|4:29:17 Releasing 1 resources 
bpipe.Concurrency	INFO	|4:29:17 Thread main releasing 1 threads 
bpipe.executor.ThrottledDelegatingCommandExecutor	INFO	|4:29:17 Released 1 resources 
bpipe.PipelineStage	INFO	|4:29:17 Stage hello returned null as default inputs for next stage 
bpipe.PipelineStage	INFO	|4:29:17 Removing inferred outputs matching [\.bai$, \.log$] 
bpipe.PipelineStage	INFO	|4:29:17 Inferring nextInputs from inputs bpipe.PipelineContext@1c806114.@input 
bpipe.PipelineContext	INFO	|4:29:17 Setting output null on context 478175508 in thread 1 
bpipe.PipelineStage	INFO	|4:29:17 Setting next inputs null on stage 811955882, context 478175508 in thread 1 
bpipe.PipelineStage	INFO	|4:29:17 Checking files: null 
bpipe.Dependencies	INFO	|4:29:17 Checking null 
bpipe.Dependencies	INFO	|4:29:17 Checking null 
bpipe.PipelineCategory	INFO	|4:29:17 Next inputs from stage = null 
bpipe.PipelineCategory	INFO	|4:29:17 Checking inputs for next stage:  null 
bpipe.Dependencies	INFO	|4:29:17 Checking null 
bpipe.Dependencies	INFO	|4:29:17 Checking null 
bpipe.PipelineStage	INFO	|4:29:17 Stage world : INPUT=null OUTPUT=world 
bpipe.PipelineContext	INFO	|4:29:17 Tracking outputs referenced=[[]] inferred=[[]] for command echo World 
bpipe.PipelineContext	INFO	|4:29:17 Checking actual resolved inputs [] 
bpipe.Command	INFO	|4:29:17 Checking for configuration for command echo 
bpipe.Command	INFO	|4:29:17 Default command properties: [executor:local] 
bpipe.CommandManager	INFO	|4:29:17 Using config [executor:local] for command 
bpipe.CommandManager	INFO	|4:29:17 Created bpipe command id 2 
bpipe.Concurrency	INFO	|4:29:17 Thread main requesting for 1 concurrency permit(s) type threads with 32 available 
bpipe.Concurrency	INFO	|4:29:17 Thread main acquired resource threads in amount 1 
bpipe.executor.ThrottledDelegatingCommandExecutor	INFO	|4:29:17 Waiting for command to complete before releasing 1 resources 
bpipe.executor.ThrottledDelegatingCommandExecutor	INFO	|4:29:17 Releasing 1 resources 
bpipe.Concurrency	INFO	|4:29:17 Thread main releasing 1 threads 
bpipe.executor.ThrottledDelegatingCommandExecutor	INFO	|4:29:17 Released 1 resources 
bpipe.PipelineStage	INFO	|4:29:17 Stage world returned null as default inputs for next stage 
bpipe.PipelineStage	INFO	|4:29:17 Removing inferred outputs matching [\.bai$, \.log$] 
bpipe.PipelineStage	INFO	|4:29:17 Inferring nextInputs from inputs bpipe.PipelineContext@7e41cef1.@input 
bpipe.PipelineContext	INFO	|4:29:17 Setting output null on context 2118242033 in thread 1 
bpipe.PipelineStage	INFO	|4:29:17 Setting next inputs null on stage 309948665, context 2118242033 in thread 1 
bpipe.PipelineStage	INFO	|4:29:17 Checking files: null 
bpipe.Dependencies	INFO	|4:29:17 Checking null 
bpipe.PipelineContext	INFO	|4:29:17 No inputs resolved by input wrappers: outputs based on default [] 
bpipe.PipelineStage	INFO	|4:29:17 Removing inferred outputs matching [\.bai$, \.log$] 
bpipe.PipelineStage	INFO	|4:29:17 Inferring nextInputs from inputs bpipe.PipelineContext@343ed9ba.@input 
bpipe.PipelineContext	INFO	|4:29:17 Setting output null on context 876534202 in thread 1 
bpipe.PipelineStage	INFO	|4:29:17 Setting next inputs null on stage 251634270, context 876534202 in thread 1 
bpipe.PipelineStage	INFO	|4:29:17 Checking files: null 
bpipe.Dependencies	INFO	|4:29:17 Checking null 
bpipe.Pipeline	INFO	|4:29:17 Finished running segment for inputs null 
bpipe.Pipeline	INFO	|4:29:17 No tracked output files from this run 
